[24-Jan-2017 04:36:06 UTC] PHP Parse error:  syntax error, unexpected '")</td></tr>"' (T_CONSTANT_ENCAPSED_STRING), expecting ',' or ';' in /home/ubuntu/workspace/exercise2/popcorn3.php on line 78
[24-Jan-2017 04:52:59 UTC] PHP Parse error:  syntax error, unexpected '")</td></tr>"' (T_CONSTANT_ENCAPSED_STRING), expecting ',' or ';' in /home/ubuntu/workspace/exercise2/popcorn3.php on line 78
[24-Jan-2017 04:53:39 UTC] PHP Parse error:  syntax error, unexpected '")</td></tr>"' (T_CONSTANT_ENCAPSED_STRING), expecting ',' or ';' in /home/ubuntu/workspace/exercise2/popcorn3.php on line 78
[24-Jan-2017 04:54:45 UTC] PHP Parse error:  syntax error, unexpected '")</td></tr>"' (T_CONSTANT_ENCAPSED_STRING), expecting ',' or ';' in /home/ubuntu/workspace/exercise2/popcorn3.php on line 78
[24-Jan-2017 14:27:24 UTC] PHP Warning:  mysqli_connect(): (HY000/1045): Access denied for user ''@'localhost' (using password: NO) in /home/ubuntu/workspace/exercise3/popcorn3.php on line 51
[24-Jan-2017 14:27:24 UTC] PHP Stack trace:
[24-Jan-2017 14:27:24 UTC] PHP   1. {main}() /home/ubuntu/workspace/exercise3/popcorn3.php:0
[24-Jan-2017 14:27:24 UTC] PHP   2. mysqli_connect() /home/ubuntu/workspace/exercise3/popcorn3.php:51
[24-Jan-2017 14:31:02 UTC] PHP Warning:  mysqli_connect(): (HY000/1045): Access denied for user ''@'localhost' (using password: NO) in /home/ubuntu/workspace/exercise3/popcorn3.php on line 52
[24-Jan-2017 14:31:02 UTC] PHP Stack trace:
[24-Jan-2017 14:31:02 UTC] PHP   1. {main}() /home/ubuntu/workspace/exercise3/popcorn3.php:0
[24-Jan-2017 14:31:02 UTC] PHP   2. mysqli_connect() /home/ubuntu/workspace/exercise3/popcorn3.php:52
[24-Jan-2017 14:32:16 UTC] PHP Warning:  mysqli_connect(): (HY000/1045): Access denied for user ''@'localhost' (using password: NO) in /home/ubuntu/workspace/exercise3/popcorn3.php on line 52
[24-Jan-2017 14:32:16 UTC] PHP Stack trace:
[24-Jan-2017 14:32:16 UTC] PHP   1. {main}() /home/ubuntu/workspace/exercise3/popcorn3.php:0
[24-Jan-2017 14:32:16 UTC] PHP   2. mysqli_connect() /home/ubuntu/workspace/exercise3/popcorn3.php:52
[24-Jan-2017 14:33:30 UTC] PHP Warning:  mysqli_connect(): (HY000/1045): Access denied for user ''@'localhost' (using password: NO) in /home/ubuntu/workspace/exercise3/popcorn3.php on line 52
[24-Jan-2017 14:33:30 UTC] PHP Stack trace:
[24-Jan-2017 14:33:30 UTC] PHP   1. {main}() /home/ubuntu/workspace/exercise3/popcorn3.php:0
[24-Jan-2017 14:33:30 UTC] PHP   2. mysqli_connect() /home/ubuntu/workspace/exercise3/popcorn3.php:52
[24-Jan-2017 16:09:06 UTC] PHP Catchable fatal error:  Object of class mysqli_result could not be converted to string in /home/ubuntu/workspace/exercise3/popcorn3.php on line 118
[24-Jan-2017 16:09:06 UTC] PHP Stack trace:
[24-Jan-2017 16:09:06 UTC] PHP   1. {main}() /home/ubuntu/workspace/exercise3/popcorn3.php:0
[24-Jan-2017 16:10:45 UTC] PHP Catchable fatal error:  Object of class mysqli_result could not be converted to string in /home/ubuntu/workspace/exercise3/popcorn3.php on line 125
[24-Jan-2017 16:10:45 UTC] PHP Stack trace:
[24-Jan-2017 16:10:45 UTC] PHP   1. {main}() /home/ubuntu/workspace/exercise3/popcorn3.php:0
[24-Jan-2017 16:26:53 UTC] PHP Catchable fatal error:  Object of class mysqli_result could not be converted to string in /home/ubuntu/workspace/exercise3/popcorn3.php on line 126
[24-Jan-2017 16:26:53 UTC] PHP Stack trace:
[24-Jan-2017 16:26:53 UTC] PHP   1. {main}() /home/ubuntu/workspace/exercise3/popcorn3.php:0
[24-Jan-2017 16:35:30 UTC] PHP Catchable fatal error:  Object of class mysqli could not be converted to string in /home/ubuntu/workspace/exercise3/popcorn3.php on line 120
[24-Jan-2017 16:35:30 UTC] PHP Stack trace:
[24-Jan-2017 16:35:30 UTC] PHP   1. {main}() /home/ubuntu/workspace/exercise3/popcorn3.php:0
[24-Jan-2017 16:39:32 UTC] PHP Catchable fatal error:  Object of class mysqli_result could not be converted to string in /home/ubuntu/workspace/exercise3/popcorn3.php on line 128
[24-Jan-2017 16:39:32 UTC] PHP Stack trace:
[24-Jan-2017 16:39:32 UTC] PHP   1. {main}() /home/ubuntu/workspace/exercise3/popcorn3.php:0
[24-Jan-2017 16:40:57 UTC] PHP Warning:  mysqli_error() expects parameter 1 to be mysqli, object given in /home/ubuntu/workspace/exercise3/popcorn3.php on line 123
[24-Jan-2017 16:40:57 UTC] PHP Stack trace:
[24-Jan-2017 16:40:57 UTC] PHP   1. {main}() /home/ubuntu/workspace/exercise3/popcorn3.php:0
[24-Jan-2017 16:40:57 UTC] PHP   2. mysqli_error() /home/ubuntu/workspace/exercise3/popcorn3.php:123
[24-Jan-2017 16:42:06 UTC] PHP Warning:  mysqli_error() expects parameter 1 to be mysqli, object given in /home/ubuntu/workspace/exercise3/popcorn3.php on line 123
[24-Jan-2017 16:42:06 UTC] PHP Stack trace:
[24-Jan-2017 16:42:06 UTC] PHP   1. {main}() /home/ubuntu/workspace/exercise3/popcorn3.php:0
[24-Jan-2017 16:42:06 UTC] PHP   2. mysqli_error() /home/ubuntu/workspace/exercise3/popcorn3.php:123
[24-Jan-2017 16:43:10 UTC] PHP Catchable fatal error:  Object of class mysqli_result could not be converted to string in /home/ubuntu/workspace/exercise3/popcorn3.php on line 128
[24-Jan-2017 16:43:10 UTC] PHP Stack trace:
[24-Jan-2017 16:43:10 UTC] PHP   1. {main}() /home/ubuntu/workspace/exercise3/popcorn3.php:0
[24-Jan-2017 16:47:38 UTC] PHP Catchable fatal error:  Object of class mysqli_result could not be converted to string in /home/ubuntu/workspace/exercise3/popcorn3.php on line 130
[24-Jan-2017 16:47:38 UTC] PHP Stack trace:
[24-Jan-2017 16:47:38 UTC] PHP   1. {main}() /home/ubuntu/workspace/exercise3/popcorn3.php:0
[24-Jan-2017 16:50:15 UTC] PHP Catchable fatal error:  Object of class mysqli_result could not be converted to string in /home/ubuntu/workspace/exercise3/popcorn3.php on line 131
[24-Jan-2017 16:50:15 UTC] PHP Stack trace:
[24-Jan-2017 16:50:15 UTC] PHP   1. {main}() /home/ubuntu/workspace/exercise3/popcorn3.php:0
[24-Jan-2017 17:14:03 UTC] PHP Parse error:  syntax error, unexpected 'Unpopped' (T_STRING), expecting ',' or ';' in /home/ubuntu/workspace/exercise3/popcorn3.php on line 128
[24-Jan-2017 17:14:53 UTC] PHP Parse error:  syntax error, unexpected '" | Total Unpopped Popcorn Cos' (T_CONSTANT_ENCAPSED_STRING), expecting ',' or ';' in /home/ubuntu/workspace/exercise3/popcorn3.php on line 128
[24-Jan-2017 17:15:40 UTC] PHP Parse error:  syntax error, unexpected '" | Total Unpopped Popcorn Cos' (T_CONSTANT_ENCAPSED_STRING), expecting ',' or ';' in /home/ubuntu/workspace/exercise3/popcorn3.php on line 128
[30-Jan-2017 13:55:40 UTC] PHP Parse error:  syntax error, unexpected '".|&emsp;Total Unpopped Popcor' (T_CONSTANT_ENCAPSED_STRING), expecting ',' or ';' in /home/ubuntu/workspace/exercise3/popcorn3.php on line 130
